Performing C SOURCE FILE Test CMAKE_HAVE_LIBC_PTHREAD failed with the following output:
Change Dir: /home/zeeco/OpenREALM/catkin_ws/build/CMakeFiles/CMakeTmp

Run Build Command(s):/usr/bin/make cmTC_eba25/fast && /usr/bin/make  -f CMakeFiles/cmTC_eba25.dir/build.make CMakeFiles/cmTC_eba25.dir/build
make[1]: Entering directory '/home/zeeco/OpenREALM/catkin_ws/build/CMakeFiles/CMakeTmp'
Building C object CMakeFiles/cmTC_eba25.dir/src.c.o
/usr/bin/cc   -DCMAKE_HAVE_LIBC_PTHREAD -o CMakeFiles/cmTC_eba25.dir/src.c.o -c /home/zeeco/OpenREALM/catkin_ws/build/CMakeFiles/CMakeTmp/src.c
Linking C executable cmTC_eba25
/usr/local/bin/cmake -E cmake_link_script CMakeFiles/cmTC_eba25.dir/link.txt --verbose=1
/usr/bin/cc  -DCMAKE_HAVE_LIBC_PTHREAD -rdynamic CMakeFiles/cmTC_eba25.dir/src.c.o -o cmTC_eba25 
/usr/bin/x86_64-linux-gnu-ld: CMakeFiles/cmTC_eba25.dir/src.c.o: in function `main':
src.c:(.text+0x3e): undefined reference to `pthread_create'
/usr/bin/x86_64-linux-gnu-ld: src.c:(.text+0x4a): undefined reference to `pthread_detach'
/usr/bin/x86_64-linux-gnu-ld: src.c:(.text+0x56): undefined reference to `pthread_cancel'
/usr/bin/x86_64-linux-gnu-ld: src.c:(.text+0x67): undefined reference to `pthread_join'
collect2: error: ld returned 1 exit status
make[1]: *** [CMakeFiles/cmTC_eba25.dir/build.make:106: cmTC_eba25] Error 1
make[1]: Leaving directory '/home/zeeco/OpenREALM/catkin_ws/build/CMakeFiles/CMakeTmp'
make: *** [Makefile:140: cmTC_eba25/fast] Error 2


Source file was:
#include <pthread.h>

void* test_func(void* data)
{
  return data;
}

int main(void)
{
  pthread_t thread;
  pthread_create(&thread, NULL, test_func, NULL);
  pthread_detach(thread);
  pthread_cancel(thread);
  pthread_join(thread, NULL);
  pthread_atfork(NULL, NULL, NULL);
  pthread_exit(NULL);

  return 0;
}

Determining if the function pthread_create exists in the pthreads failed with the following output:
Change Dir: /home/zeeco/OpenREALM/catkin_ws/build/CMakeFiles/CMakeTmp

Run Build Command(s):/usr/bin/make cmTC_da486/fast && /usr/bin/make  -f CMakeFiles/cmTC_da486.dir/build.make CMakeFiles/cmTC_da486.dir/build
make[1]: Entering directory '/home/zeeco/OpenREALM/catkin_ws/build/CMakeFiles/CMakeTmp'
Building C object CMakeFiles/cmTC_da486.dir/CheckFunctionExists.c.o
/usr/bin/cc   -DCHECK_FUNCTION_EXISTS=pthread_create -o CMakeFiles/cmTC_da486.dir/CheckFunctionExists.c.o -c /usr/local/share/cmake-3.18/Modules/CheckFunctionExists.c
Linking C executable cmTC_da486
/usr/local/bin/cmake -E cmake_link_script CMakeFiles/cmTC_da486.dir/link.txt --verbose=1
/usr/bin/cc  -DCHECK_FUNCTION_EXISTS=pthread_create -rdynamic CMakeFiles/cmTC_da486.dir/CheckFunctionExists.c.o -o cmTC_da486  -lpthreads 
/usr/bin/x86_64-linux-gnu-ld: cannot find -lpthreads
collect2: error: ld returned 1 exit status
make[1]: *** [CMakeFiles/cmTC_da486.dir/build.make:106: cmTC_da486] Error 1
make[1]: Leaving directory '/home/zeeco/OpenREALM/catkin_ws/build/CMakeFiles/CMakeTmp'
make: *** [Makefile:140: cmTC_da486/fast] Error 2



Looking for a CUDA compiler failed with the following output:
CMake Error at /usr/local/share/cmake-3.18/Modules/CMakeDetermineCUDACompiler.cmake:25 (message):
  Could not find compiler set in environment variable CUDACXX:

  /usr/local/cuda/bin/nvcc.

Call Stack (most recent call first):
  CMakeLists.txt:2 (project)


CMake Error: CMAKE_CUDA_COMPILER not set, after EnableLanguage
-- Configuring incomplete, errors occurred!
See also "/home/zeeco/OpenREALM/catkin_ws/build/OpenREALM_ROS1_Bridge/realm_ros/CMakeFiles/CheckCUDA/CMakeFiles/CMakeOutput.log".

